<?xml version="1.0" encoding="UTF-8"?>
<testng-results ignored="0" total="2" passed="2" failed="0" skipped="0">
  <reporter-output>
  </reporter-output>
  <suite started-at="2023-09-26T09:32:24 AEST" name="Default Suite" finished-at="2023-09-26T09:32:30 AEST" duration-ms="6934">
    <groups>
    </groups>
    <test started-at="2023-09-26T09:32:24 AEST" name="MavenAutomation" finished-at="2023-09-26T09:32:30 AEST" duration-ms="6934">
      <class name="testcases.DataProvider">
        <test-method signature="test1(java.lang.String,java.lang.String)[pri:0, instance:testcases.DataProvider@2d2e5f00]" started-at="2023-09-26T09:32:24 AEST" name="test1" data-provider="sendTestData" finished-at="2023-09-26T09:32:28 AEST" duration-ms="4422" status="PASS">
          <params>
            <param index="0">
              <value>
                <![CDATA[Hello]]>
              </value>
            </param>
            <param index="1">
              <value>
                <![CDATA[World]]>
              </value>
            </param>
          </params>
          <reporter-output>
          </reporter-output>
        </test-method> <!-- test1 -->
        <test-method signature="test1(java.lang.String,java.lang.String)[pri:0, instance:testcases.DataProvider@2d2e5f00]" started-at="2023-09-26T09:32:28 AEST" name="test1" data-provider="sendTestData" finished-at="2023-09-26T09:32:30 AEST" duration-ms="2489" status="PASS">
          <params>
            <param index="0">
              <value>
                <![CDATA[Dataprovider]]>
              </value>
            </param>
            <param index="1">
              <value>
                <![CDATA[Testdata]]>
              </value>
            </param>
          </params>
          <reporter-output>
          </reporter-output>
        </test-method> <!-- test1 -->
      </class> <!-- testcases.DataProvider -->
    </test> <!-- MavenAutomation -->
  </suite> <!-- Default Suite -->
</testng-results>
